2020-08-11 08:39:42,924 INFO  [org.jboss.modules] (main) JBoss Modules version 1.10.0.Final
2020-08-11 08:39:47,359 INFO  [org.jboss.msc] (main) JBoss MSC version 1.4.11.Final
2020-08-11 08:39:47,377 INFO  [org.jboss.threads] (main) JBoss Threads version 2.3.3.Final
2020-08-11 08:39:47,810 INFO  [org.jboss.as] (MSC service thread 1-2) WFLYSRV0049: Keycloak 10.0.2 (WildFly Core 11.1.1.Final) starting
2020-08-11 08:39:47,813 DEBUG [org.jboss.as.config] (MSC service thread 1-2) Configured system properties:
	[Standalone] = 
	awt.toolkit = sun.awt.X11.XToolkit
	file.encoding = UTF-8
	file.encoding.pkg = sun.io
	file.separator = /
	java.awt.graphicsenv = sun.awt.X11GraphicsEnvironment
	java.awt.headless = true
	java.awt.printerjob = sun.print.PSPrinterJob
	java.class.path = /mnt/d/subji/msa/keycloak/keycloak-10.0.2/jboss-modules.jar
	java.class.version = 52.0
	java.endorsed.dirs = /usr/lib/jvm/java-8-openjdk-amd64/jre/lib/endorsed
	java.ext.dirs = /usr/lib/jvm/java-8-openjdk-amd64/jre/lib/ext:/usr/java/packages/lib/ext
	java.home = /usr/lib/jvm/java-8-openjdk-amd64/jre
	java.io.tmpdir = /tmp
	java.library.path = /usr/java/packages/lib/amd64:/usr/lib/x86_64-linux-gnu/jni:/lib/x86_64-linux-gnu:/usr/lib/x86_64-linux-gnu:/usr/lib/jni:/lib:/usr/lib
	java.net.preferIPv4Stack = true
	java.runtime.name = OpenJDK Runtime Environment
	java.runtime.version = 1.8.0_265-8u265-b01-0ubuntu2~20.04-b01
	java.specification.name = Java Platform API Specification
	java.specification.vendor = Oracle Corporation
	java.specification.version = 1.8
	java.util.logging.manager = org.jboss.logmanager.LogManager
	java.vendor = Private Build
	java.vendor.url = http://java.oracle.com/
	java.vendor.url.bug = http://bugreport.sun.com/bugreport/
	java.version = 1.8.0_265
	java.vm.info = mixed mode
	java.vm.name = OpenJDK 64-Bit Server VM
	java.vm.specification.name = Java Virtual Machine Specification
	java.vm.specification.vendor = Oracle Corporation
	java.vm.specification.version = 1.8
	java.vm.vendor = Private Build
	java.vm.version = 25.265-b01
	javax.management.builder.initial = org.jboss.as.jmx.PluggableMBeanServerBuilder
	jboss.home.dir = /mnt/d/subji/msa/keycloak/keycloak-10.0.2
	jboss.host.name = desktop-ng3gpva
	jboss.modules.dir = /mnt/d/subji/msa/keycloak/keycloak-10.0.2/modules
	jboss.modules.system.pkgs = org.jboss.byteman
	jboss.node.name = desktop-ng3gpva
	jboss.qualified.host.name = desktop-ng3gpva.localdomain
	jboss.server.base.dir = /mnt/d/subji/msa/keycloak/keycloak-10.0.2/standalone
	jboss.server.config.dir = /mnt/d/subji/msa/keycloak/keycloak-10.0.2/standalone/configuration
	jboss.server.data.dir = /mnt/d/subji/msa/keycloak/keycloak-10.0.2/standalone/data
	jboss.server.deploy.dir = /mnt/d/subji/msa/keycloak/keycloak-10.0.2/standalone/data/content
	jboss.server.log.dir = /mnt/d/subji/msa/keycloak/keycloak-10.0.2/standalone/log
	jboss.server.name = desktop-ng3gpva
	jboss.server.persist.config = true
	jboss.server.temp.dir = /mnt/d/subji/msa/keycloak/keycloak-10.0.2/standalone/tmp
	line.separator = 

	logging.configuration = file:/mnt/d/subji/msa/keycloak/keycloak-10.0.2/standalone/configuration/logging.properties
	module.path = /mnt/d/subji/msa/keycloak/keycloak-10.0.2/modules
	org.jboss.boot.log.file = /mnt/d/subji/msa/keycloak/keycloak-10.0.2/standalone/log/server.log
	org.jboss.resolver.warning = true
	os.arch = amd64
	os.name = Linux
	os.version = 4.4.0-18362-Microsoft
	path.separator = :
	sun.arch.data.model = 64
	sun.boot.class.path = /usr/lib/jvm/java-8-openjdk-amd64/jre/lib/resources.jar:/usr/lib/jvm/java-8-openjdk-amd64/jre/lib/rt.jar:/usr/lib/jvm/java-8-openjdk-amd64/jre/lib/sunrsasign.jar:/usr/lib/jvm/java-8-openjdk-amd64/jre/lib/jsse.jar:/usr/lib/jvm/java-8-openjdk-amd64/jre/lib/jce.jar:/usr/lib/jvm/java-8-openjdk-amd64/jre/lib/charsets.jar:/usr/lib/jvm/java-8-openjdk-amd64/jre/lib/jfr.jar:/usr/lib/jvm/java-8-openjdk-amd64/jre/classes
	sun.boot.library.path = /usr/lib/jvm/java-8-openjdk-amd64/jre/lib/amd64
	sun.cpu.endian = little
	sun.cpu.isalist = 
	sun.io.unicode.encoding = UnicodeLittle
	sun.java.command = /mnt/d/subji/msa/keycloak/keycloak-10.0.2/jboss-modules.jar -mp /mnt/d/subji/msa/keycloak/keycloak-10.0.2/modules org.jboss.as.standalone -Djboss.home.dir=/mnt/d/subji/msa/keycloak/keycloak-10.0.2 -Djboss.server.base.dir=/mnt/d/subji/msa/keycloak/keycloak-10.0.2/standalone
	sun.java.launcher = SUN_STANDARD
	sun.jnu.encoding = UTF-8
	sun.management.compiler = HotSpot 64-Bit Tiered Compilers
	sun.os.patch.level = unknown
	user.country = US
	user.dir = /mnt/d/subji/msa/keycloak/keycloak-10.0.2
	user.home = /home/subji
	user.language = en
	user.name = subji
	user.timezone = Asia/Seoul
2020-08-11 08:39:47,815 DEBUG [org.jboss.as.config] (MSC service thread 1-2) VM Arguments: -D[Standalone] -Xms64m -Xmx512m -XX:MetaspaceSize=96M -XX:MaxMetaspaceSize=256m -Djava.net.preferIPv4Stack=true -Djboss.modules.system.pkgs=org.jboss.byteman -Djava.awt.headless=true -Dorg.jboss.boot.log.file=/mnt/d/subji/msa/keycloak/keycloak-10.0.2/standalone/log/server.log -Dlogging.configuration=file:/mnt/d/subji/msa/keycloak/keycloak-10.0.2/standalone/configuration/logging.properties 
2020-08-11 08:39:52,724 INFO  [org.wildfly.security] (ServerService Thread Pool -- 20) ELY00001: WildFly Elytron version 1.11.4.Final
2020-08-11 08:40:01,687 INFO  [org.jboss.as.controller.management-deprecated] (Controller Boot Thread) WFLYCTL0028: Attribute 'security-realm' in the resource at address '/core-service=management/management-interface=http-interface' is deprecated, and may be removed in a future version. See the attribute description in the output of the read-resource-description operation to learn more about the deprecation.
2020-08-11 08:40:01,811 INFO  [org.jboss.as.controller.management-deprecated] (ServerService Thread Pool -- 4) WFLYCTL0028: Attribute 'security-realm' in the resource at address '/subsystem=undertow/server=default-server/https-listener=https' is deprecated, and may be removed in a future version. See the attribute description in the output of the read-resource-description operation to learn more about the deprecation.
2020-08-11 08:40:02,583 INFO  [org.jboss.as.server] (Controller Boot Thread) WFLYSRV0039: Creating http management service using socket-binding (management-http)
2020-08-11 08:40:02,660 INFO  [org.xnio] (MSC service thread 1-4) XNIO version 3.7.7.Final
2020-08-11 08:40:02,696 INFO  [org.xnio.nio] (MSC service thread 1-4) XNIO NIO Implementation Version 3.7.7.Final
2020-08-11 08:40:03,180 INFO  [org.wildfly.extension.microprofile.config.smallrye._private] (ServerService Thread Pool -- 45) WFLYCONF0001: Activating WildFly MicroProfile Config Subsystem
2020-08-11 08:40:03,196 INFO  [org.jboss.as.clustering.infinispan] (ServerService Thread Pool -- 37) WFLYCLINF0001: Activating Infinispan subsystem.
2020-08-11 08:40:03,243 WARN  [org.jboss.as.txn] (ServerService Thread Pool -- 53) WFLYTX0013: The node-identifier attribute on the /subsystem=transactions is set to the default value. This is a danger for environments running multiple servers. Please make sure the attribute value is unique.
2020-08-11 08:40:03,278 INFO  [org.wildfly.extension.microprofile.health.smallrye] (ServerService Thread Pool -- 46) WFLYHEALTH0001: Activating Eclipse MicroProfile Health Subsystem
2020-08-11 08:40:03,280 INFO  [org.wildfly.extension.microprofile.metrics.smallrye] (ServerService Thread Pool -- 47) WFLYMETRICS0001: Activating Eclipse MicroProfile Metrics Subsystem
2020-08-11 08:40:03,284 INFO  [org.jboss.as.security] (ServerService Thread Pool -- 51) WFLYSEC0002: Activating Security Subsystem
2020-08-11 08:40:03,285 INFO  [org.wildfly.extension.io] (ServerService Thread Pool -- 38) WFLYIO001: Worker 'default' has auto-configured to 8 IO threads with 64 max task threads based on your 4 available processors
2020-08-11 08:40:03,317 INFO  [org.jboss.as.connector] (MSC service thread 1-8) WFLYJCA0009: Starting JCA Subsystem (WildFly/IronJacamar 1.4.20.Final)
2020-08-11 08:40:03,422 INFO  [org.jboss.as.naming] (ServerService Thread Pool -- 48) WFLYNAM0001: Activating Naming Subsystem
2020-08-11 08:40:03,695 INFO  [org.jboss.as.security] (MSC service thread 1-4) WFLYSEC0001: Current PicketBox version=5.0.3.Final
2020-08-11 08:40:03,791 INFO  [org.jboss.as.naming] (MSC service thread 1-6) WFLYNAM0003: Starting Naming Service
2020-08-11 08:40:03,795 INFO  [org.jboss.as.mail.extension] (MSC service thread 1-2) WFLYMAIL0001: Bound mail session [java:jboss/mail/Default]
2020-08-11 08:40:04,081 INFO  [org.jboss.remoting] (MSC service thread 1-5) JBoss Remoting version 5.0.17.Final
2020-08-11 08:40:05,023 INFO  [org.jboss.as.connector.subsystems.datasources] (ServerService Thread Pool -- 32) WFLYJCA0004: Deploying JDBC-compliant driver class org.mariadb.jdbc.Driver (version 2.6)
2020-08-11 08:40:05,064 INFO  [org.jboss.as.connector.deployers.jdbc] (MSC service thread 1-7) WFLYJCA0018: Started Driver service with driver-name = mariadb
2020-08-11 08:40:05,546 INFO  [org.wildfly.extension.undertow] (MSC service thread 1-4) WFLYUT0003: Undertow 2.1.0.Final starting
2020-08-11 08:40:05,992 WARN  [org.wildfly.clustering.web.undertow] (ServerService Thread Pool -- 54) WFLYCLWEBUT0007: No routing provider found for default-server; using legacy provider based on static configuration
2020-08-11 08:40:06,443 INFO  [org.jboss.as.jaxrs] (ServerService Thread Pool -- 39) WFLYRS0016: RESTEasy version 3.11.2.Final
2020-08-11 08:40:06,792 INFO  [org.jboss.as.ejb3] (MSC service thread 1-8) WFLYEJB0482: Strict pool mdb-strict-max-pool is using a max instance size of 16 (per class), which is derived from the number of CPUs on this host.
2020-08-11 08:40:06,794 INFO  [org.jboss.as.ejb3] (MSC service thread 1-4) WFLYEJB0481: Strict pool slsb-strict-max-pool is using a max instance size of 64 (per class), which is derived from thread worker pool sizing.
2020-08-11 08:40:06,883 INFO  [org.wildfly.extension.undertow] (ServerService Thread Pool -- 54) WFLYUT0014: Creating file handler for path '/mnt/d/subji/msa/keycloak/keycloak-10.0.2/welcome-content' with options [directory-listing: 'false', follow-symlink: 'false', case-sensitive: 'true', safe-symlink-paths: '[]']
2020-08-11 08:40:06,900 INFO  [org.jboss.as.ejb3] (MSC service thread 1-4) WFLYEJB0493: EJB subsystem suspension complete
2020-08-11 08:40:07,131 INFO  [org.wildfly.extension.undertow] (MSC service thread 1-4) WFLYUT0012: Started server default-server.
2020-08-11 08:40:07,147 INFO  [org.wildfly.extension.undertow] (MSC service thread 1-1) WFLYUT0018: Host default-host starting
2020-08-11 08:40:07,280 INFO  [org.jboss.as.connector.subsystems.datasources] (MSC service thread 1-3) WFLYJCA0001: Bound data source [java:jboss/datasources/KeycloakDS]
2020-08-11 08:40:07,441 INFO  [org.wildfly.extension.undertow] (MSC service thread 1-4) WFLYUT0006: Undertow HTTP listener default listening on 127.0.0.1:8181
2020-08-11 08:40:09,134 INFO  [org.jboss.as.patching] (MSC service thread 1-2) WFLYPAT0050: Keycloak cumulative patch ID is: base, one-off patches include: none
2020-08-11 08:40:09,161 WARN  [org.jboss.as.domain.management.security] (MSC service thread 1-3) WFLYDM0111: Keystore /mnt/d/subji/msa/keycloak/keycloak-10.0.2/standalone/configuration/application.keystore not found, it will be auto generated on first use with a self signed certificate for host localhost
2020-08-11 08:40:09,208 INFO  [org.jboss.as.server.deployment.scanner] (MSC service thread 1-3) WFLYDS0013: Started FileSystemDeploymentService for directory /mnt/d/subji/msa/keycloak/keycloak-10.0.2/standalone/deployments
2020-08-11 08:40:09,266 INFO  [org.jboss.as.server.deployment] (MSC service thread 1-2) WFLYSRV0027: Starting deployment of "spi-registration-profile.jar" (runtime-name: "spi-registration-profile.jar")
2020-08-11 08:40:09,267 INFO  [org.jboss.as.server.deployment] (MSC service thread 1-6) WFLYSRV0027: Starting deployment of "keycloak-bcrypt.jar" (runtime-name: "keycloak-bcrypt.jar")
2020-08-11 08:40:09,266 INFO  [org.jboss.as.server.deployment] (MSC service thread 1-4) WFLYSRV0027: Starting deployment of "keycloak-server.war" (runtime-name: "keycloak-server.war")
2020-08-11 08:40:09,272 INFO  [org.jboss.as.server.deployment] (MSC service thread 1-8) WFLYSRV0027: Starting deployment of "keycloak-plain.jar" (runtime-name: "keycloak-plain.jar")
2020-08-11 08:40:09,285 INFO  [org.jboss.as.server.deployment] (MSC service thread 1-1) WFLYSRV0027: Starting deployment of "keycloak-social-naver.jar" (runtime-name: "keycloak-social-naver.jar")
2020-08-11 08:40:09,460 INFO  [org.wildfly.extension.undertow] (MSC service thread 1-4) WFLYUT0006: Undertow HTTPS listener https listening on 127.0.0.1:18443
2020-08-11 08:40:11,906 WARN  [org.jboss.as.dependency.private] (MSC service thread 1-8) WFLYSRV0018: Deployment "deployment.keycloak-social-naver.jar" is using a private module ("org.keycloak.keycloak-services") which may be changed or removed in future versions without notice.
2020-08-11 08:40:11,924 WARN  [org.jboss.as.dependency.private] (MSC service thread 1-8) WFLYSRV0018: Deployment "deployment.keycloak-social-naver.jar" is using a private module ("org.keycloak.keycloak-server-spi-private") which may be changed or removed in future versions without notice.
2020-08-11 08:40:11,955 INFO  [org.keycloak.subsystem.server.extension.KeycloakProviderDeploymentProcessor] (MSC service thread 1-6) Deploying Keycloak provider: spi-registration-profile.jar
2020-08-11 08:40:11,959 INFO  [org.keycloak.subsystem.server.extension.KeycloakProviderDeploymentProcessor] (MSC service thread 1-4) Deploying Keycloak provider: keycloak-plain.jar
2020-08-11 08:40:11,966 INFO  [org.keycloak.subsystem.server.extension.KeycloakProviderDeploymentProcessor] (MSC service thread 1-3) Deploying Keycloak provider: keycloak-social-naver.jar
2020-08-11 08:40:11,968 INFO  [org.keycloak.subsystem.server.extension.KeycloakProviderDeploymentProcessor] (MSC service thread 1-1) Deploying Keycloak provider: keycloak-bcrypt.jar
2020-08-11 08:40:12,613 INFO  [org.infinispan.factories.GlobalComponentRegistry] (MSC service thread 1-4) ISPN000128: Infinispan version: Infinispan 'Infinity Minus ONE +2' 9.4.18.Final
2020-08-11 08:40:13,482 INFO  [org.jboss.as.clustering.infinispan] (ServerService Thread Pool -- 65) WFLYCLINF0002: Started work cache from keycloak container
2020-08-11 08:40:13,491 INFO  [org.jboss.as.clustering.infinispan] (ServerService Thread Pool -- 62) WFLYCLINF0002: Started offlineSessions cache from keycloak container
2020-08-11 08:40:13,492 INFO  [org.jboss.as.clustering.infinispan] (ServerService Thread Pool -- 66) WFLYCLINF0002: Started keys cache from keycloak container
2020-08-11 08:40:13,491 INFO  [org.jboss.as.clustering.infinispan] (ServerService Thread Pool -- 63) WFLYCLINF0002: Started loginFailures cache from keycloak container
2020-08-11 08:40:13,493 INFO  [org.jboss.as.clustering.infinispan] (ServerService Thread Pool -- 68) WFLYCLINF0002: Started sessions cache from keycloak container
2020-08-11 08:40:13,495 INFO  [org.jboss.as.clustering.infinispan] (ServerService Thread Pool -- 61) WFLYCLINF0002: Started actionTokens cache from keycloak container
2020-08-11 08:40:13,495 INFO  [org.jboss.as.clustering.infinispan] (ServerService Thread Pool -- 59) WFLYCLINF0002: Started clientSessions cache from keycloak container
2020-08-11 08:40:13,496 INFO  [org.jboss.as.clustering.infinispan] (ServerService Thread Pool -- 64) WFLYCLINF0002: Started authenticationSessions cache from keycloak container
2020-08-11 08:40:13,496 INFO  [org.jboss.as.clustering.infinispan] (ServerService Thread Pool -- 60) WFLYCLINF0002: Started authorization cache from keycloak container
2020-08-11 08:40:13,497 INFO  [org.jboss.as.clustering.infinispan] (ServerService Thread Pool -- 58) WFLYCLINF0002: Started users cache from keycloak container
2020-08-11 08:40:13,497 INFO  [org.jboss.as.clustering.infinispan] (ServerService Thread Pool -- 57) WFLYCLINF0002: Started realms cache from keycloak container
2020-08-11 08:40:13,498 INFO  [org.jboss.as.clustering.infinispan] (ServerService Thread Pool -- 67) WFLYCLINF0002: Started offlineClientSessions cache from keycloak container
2020-08-11 08:40:13,504 INFO  [org.jboss.as.clustering.infinispan] (ServerService Thread Pool -- 69) WFLYCLINF0002: Started client-mappings cache from ejb container
2020-08-11 08:40:14,258 WARN  [org.jboss.as.server.deployment] (MSC service thread 1-4) WFLYSRV0273: Excluded subsystem webservices via jboss-deployment-structure.xml does not exist.
2020-08-11 08:40:15,722 INFO  [org.keycloak.services] (ServerService Thread Pool -- 67) KC-SERVICES0001: Loading config from standalone.xml or domain.xml
2020-08-11 08:40:17,269 INFO  [org.keycloak.url.DefaultHostnameProviderFactory] (ServerService Thread Pool -- 67) Frontend: <request>, Admin: <frontend>, Backend: <request>
2020-08-11 08:40:17,499 WARN  [org.keycloak.services] (ServerService Thread Pool -- 67) KC-SERVICES0047: plain (com.github.leroyguillaume.keycloak.bcrypt.PlainPasswordHashProviderFactory) is implementing the internal SPI password-hashing. This SPI is internal and may change without notice
2020-08-11 08:40:17,522 INFO  [org.keycloak.url.DefaultHostnameProviderFactory] (ServerService Thread Pool -- 67) Frontend: <request>, Admin: <frontend>, Backend: <request>
2020-08-11 08:40:17,572 INFO  [org.keycloak.url.DefaultHostnameProviderFactory] (ServerService Thread Pool -- 67) Frontend: <request>, Admin: <frontend>, Backend: <request>
2020-08-11 08:40:17,579 WARN  [org.keycloak.services] (ServerService Thread Pool -- 67) KC-SERVICES0047: pl-spi-registration-profile (com.zonaut.keycloak.extensions.actions.forms.PlaceholderRegistrationProfile) is implementing the internal SPI form-action. This SPI is internal and may change without notice
2020-08-11 08:40:17,586 WARN  [org.keycloak.services] (ServerService Thread Pool -- 67) KC-SERVICES0047: naver-user-attribute-mapper (moe.saru.keycloak.modules.naver.NaverUserAttributeMapper) is implementing the internal SPI identity-provider-mapper. This SPI is internal and may change without notice
2020-08-11 08:40:17,604 WARN  [org.keycloak.services] (ServerService Thread Pool -- 67) KC-SERVICES0047: naver (moe.saru.keycloak.modules.naver.NaverIdentityProviderFactory) is implementing the internal SPI social. This SPI is internal and may change without notice
2020-08-11 08:40:17,613 INFO  [org.keycloak.url.DefaultHostnameProviderFactory] (ServerService Thread Pool -- 67) Frontend: <request>, Admin: <frontend>, Backend: <request>
2020-08-11 08:40:17,633 WARN  [org.keycloak.services] (ServerService Thread Pool -- 67) KC-SERVICES0047: bcrypt (com.github.leroyguillaume.keycloak.bcrypt.BCryptPasswordHashProviderFactory) is implementing the internal SPI password-hashing. This SPI is internal and may change without notice
2020-08-11 08:40:17,644 INFO  [org.keycloak.url.DefaultHostnameProviderFactory] (ServerService Thread Pool -- 67) Frontend: <request>, Admin: <frontend>, Backend: <request>
2020-08-11 08:40:17,751 INFO  [org.jboss.as.clustering.infinispan] (ServerService Thread Pool -- 67) WFLYCLINF0002: Started realmRevisions cache from keycloak container
2020-08-11 08:40:17,758 INFO  [org.jboss.as.clustering.infinispan] (ServerService Thread Pool -- 67) WFLYCLINF0002: Started userRevisions cache from keycloak container
2020-08-11 08:40:17,776 INFO  [org.jboss.as.clustering.infinispan] (ServerService Thread Pool -- 67) WFLYCLINF0002: Started authorizationRevisions cache from keycloak container
2020-08-11 08:40:17,778 INFO  [org.keycloak.connections.infinispan.DefaultInfinispanConnectionProviderFactory] (ServerService Thread Pool -- 67) Node name: desktop-ng3gpva, Site name: null
2020-08-11 08:40:20,824 INFO  [org.hibernate.jpa.internal.util.LogHelper] (ServerService Thread Pool -- 67) HHH000204: Processing PersistenceUnitInfo [
	name: keycloak-default
	...]
2020-08-11 08:40:21,043 INFO  [org.hibernate.Version] (ServerService Thread Pool -- 67) HHH000412: Hibernate Core {5.3.15.Final}
2020-08-11 08:40:21,046 INFO  [org.hibernate.cfg.Environment] (ServerService Thread Pool -- 67) HHH000206: hibernate.properties not found
2020-08-11 08:40:21,590 INFO  [org.hibernate.annotations.common.Version] (ServerService Thread Pool -- 67) HCANN000001: Hibernate Commons Annotations {5.0.5.Final}
2020-08-11 08:40:21,990 INFO  [org.hibernate.dialect.Dialect] (ServerService Thread Pool -- 67) HHH000400: Using dialect: org.hibernate.dialect.MariaDB10Dialect
2020-08-11 08:40:22,155 INFO  [org.hibernate.envers.boot.internal.EnversServiceImpl] (ServerService Thread Pool -- 67) Envers integration enabled? : true
2020-08-11 08:40:23,484 INFO  [org.hibernate.orm.beans] (ServerService Thread Pool -- 67) HHH10005002: No explicit CDI BeanManager reference was passed to Hibernate, but CDI is available on the Hibernate ClassLoader.
2020-08-11 08:40:23,646 INFO  [org.hibernate.validator.internal.util.Version] (ServerService Thread Pool -- 67) HV000001: Hibernate Validator 6.0.18.Final
2020-08-11 08:40:25,334 INFO  [org.hibernate.hql.internal.QueryTranslatorFactoryInitiator] (ServerService Thread Pool -- 67) HHH000397: Using ASTQueryTranslatorFactory
2020-08-11 08:40:28,433 INFO  [org.keycloak.policy.BlacklistPasswordPolicyProviderFactory] (pool-16-thread-1) Loading blacklist with name sometrend.txt from /mnt/d/subji/msa/keycloak/keycloak-10.0.2/standalone/data/password-blacklists/sometrend.txt - start
2020-08-11 08:40:28,465 INFO  [org.keycloak.policy.BlacklistPasswordPolicyProviderFactory] (pool-16-thread-1) Loading blacklist with name sometrend.txt from /mnt/d/subji/msa/keycloak/keycloak-10.0.2/standalone/data/password-blacklists/sometrend.txt - end
2020-08-11 08:40:30,031 INFO  [org.jboss.resteasy.resteasy_jaxrs.i18n] (ServerService Thread Pool -- 67) RESTEASY002225: Deploying javax.ws.rs.core.Application: class org.keycloak.services.resources.KeycloakApplication
2020-08-11 08:40:30,049 INFO  [org.jboss.resteasy.resteasy_jaxrs.i18n] (ServerService Thread Pool -- 67) RESTEASY002205: Adding provider class org.keycloak.services.filters.KeycloakTransactionCommitter from Application class org.keycloak.services.resources.KeycloakApplication
2020-08-11 08:40:30,050 INFO  [org.jboss.resteasy.resteasy_jaxrs.i18n] (ServerService Thread Pool -- 67) RESTEASY002205: Adding provider class org.keycloak.services.filters.KeycloakSecurityHeadersFilter from Application class org.keycloak.services.resources.KeycloakApplication
2020-08-11 08:40:30,051 INFO  [org.jboss.resteasy.resteasy_jaxrs.i18n] (ServerService Thread Pool -- 67) RESTEASY002205: Adding provider class org.keycloak.services.error.KeycloakErrorHandler from Application class org.keycloak.services.resources.KeycloakApplication
2020-08-11 08:40:30,052 INFO  [org.jboss.resteasy.resteasy_jaxrs.i18n] (ServerService Thread Pool -- 67) RESTEASY002200: Adding class resource org.keycloak.services.resources.ThemeResource from Application class org.keycloak.services.resources.KeycloakApplication
2020-08-11 08:40:30,053 INFO  [org.jboss.resteasy.resteasy_jaxrs.i18n] (ServerService Thread Pool -- 67) RESTEASY002200: Adding class resource org.keycloak.services.resources.JsResource from Application class org.keycloak.services.resources.KeycloakApplication
2020-08-11 08:40:30,054 INFO  [org.jboss.resteasy.resteasy_jaxrs.i18n] (ServerService Thread Pool -- 67) RESTEASY002220: Adding singleton resource org.keycloak.services.resources.WelcomeResource from Application class org.keycloak.services.resources.KeycloakApplication
2020-08-11 08:40:30,054 INFO  [org.jboss.resteasy.resteasy_jaxrs.i18n] (ServerService Thread Pool -- 67) RESTEASY002210: Adding provider singleton org.keycloak.services.util.ObjectMapperResolver from Application class org.keycloak.services.resources.KeycloakApplication
2020-08-11 08:40:30,055 INFO  [org.jboss.resteasy.resteasy_jaxrs.i18n] (ServerService Thread Pool -- 67) RESTEASY002220: Adding singleton resource org.keycloak.services.resources.admin.AdminRoot from Application class org.keycloak.services.resources.KeycloakApplication
2020-08-11 08:40:30,056 INFO  [org.jboss.resteasy.resteasy_jaxrs.i18n] (ServerService Thread Pool -- 67) RESTEASY002220: Adding singleton resource org.keycloak.services.resources.RealmsResource from Application class org.keycloak.services.resources.KeycloakApplication
2020-08-11 08:40:30,056 INFO  [org.jboss.resteasy.resteasy_jaxrs.i18n] (ServerService Thread Pool -- 67) RESTEASY002220: Adding singleton resource org.keycloak.services.resources.RobotsResource from Application class org.keycloak.services.resources.KeycloakApplication
2020-08-11 08:40:30,273 INFO  [org.wildfly.extension.undertow] (ServerService Thread Pool -- 67) WFLYUT0021: Registered web context: '/auth' for server 'default-server'
2020-08-11 08:40:30,370 INFO  [org.jboss.as.server] (ServerService Thread Pool -- 33) WFLYSRV0010: Deployed "spi-registration-profile.jar" (runtime-name : "spi-registration-profile.jar")
2020-08-11 08:40:30,375 INFO  [org.jboss.as.server] (ServerService Thread Pool -- 33) WFLYSRV0010: Deployed "keycloak-social-naver.jar" (runtime-name : "keycloak-social-naver.jar")
2020-08-11 08:40:30,382 INFO  [org.jboss.as.server] (ServerService Thread Pool -- 33) WFLYSRV0010: Deployed "keycloak-plain.jar" (runtime-name : "keycloak-plain.jar")
2020-08-11 08:40:30,383 INFO  [org.jboss.as.server] (ServerService Thread Pool -- 43) WFLYSRV0010: Deployed "keycloak-server.war" (runtime-name : "keycloak-server.war")
2020-08-11 08:40:30,384 INFO  [org.jboss.as.server] (ServerService Thread Pool -- 33) WFLYSRV0010: Deployed "keycloak-bcrypt.jar" (runtime-name : "keycloak-bcrypt.jar")
2020-08-11 08:40:30,493 INFO  [org.jboss.as.server] (Controller Boot Thread) WFLYSRV0212: Resuming server
2020-08-11 08:40:30,498 INFO  [org.jboss.as] (Controller Boot Thread) WFLYSRV0060: Http management interface listening on http://127.0.0.1:9990/management
2020-08-11 08:40:30,498 INFO  [org.jboss.as] (Controller Boot Thread) WFLYSRV0051: Admin console listening on http://127.0.0.1:9990
2020-08-11 08:40:30,499 INFO  [org.jboss.as] (Controller Boot Thread) WFLYSRV0025: Keycloak 10.0.2 (WildFly Core 11.1.1.Final) started in 54237ms - Started 760 of 1062 services (617 services are lazy, passive or on-demand)
2020-08-11 20:28:38,049 INFO  [org.jboss.as.server] (Thread-2) WFLYSRV0272: Suspending server
2020-08-11 20:28:38,115 INFO  [org.jboss.as.ejb3] (Thread-2) WFLYEJB0493: EJB subsystem suspension complete
2020-08-11 20:28:38,127 INFO  [org.jboss.as.server] (Thread-2) WFLYSRV0220: Server shutdown has been requested via an OS signal
2020-08-11 20:28:38,213 INFO  [org.jboss.as.mail.extension] (MSC service thread 1-2) WFLYMAIL0002: Unbound mail session [java:jboss/mail/Default]
2020-08-11 20:28:38,314 INFO  [org.wildfly.extension.undertow] (MSC service thread 1-8) WFLYUT0008: Undertow HTTPS listener https suspending
2020-08-11 20:28:38,318 INFO  [org.wildfly.extension.undertow] (MSC service thread 1-8) WFLYUT0007: Undertow HTTPS listener https stopped, was bound to 127.0.0.1:18443
2020-08-11 20:28:38,335 INFO  [org.keycloak.subsystem.server.extension.KeycloakProviderDeploymentProcessor] (MSC service thread 1-8) Undeploying Keycloak provider: keycloak-social-naver.jar
2020-08-11 20:28:38,335 INFO  [org.keycloak.subsystem.server.extension.KeycloakProviderDeploymentProcessor] (MSC service thread 1-6) Undeploying Keycloak provider: spi-registration-profile.jar
2020-08-11 20:28:38,335 INFO  [org.keycloak.subsystem.server.extension.KeycloakProviderDeploymentProcessor] (MSC service thread 1-3) Undeploying Keycloak provider: keycloak-bcrypt.jar
2020-08-11 20:28:38,335 INFO  [org.keycloak.subsystem.server.extension.KeycloakProviderDeploymentProcessor] (MSC service thread 1-7) Undeploying Keycloak provider: keycloak-plain.jar
2020-08-11 20:28:38,375 INFO  [org.wildfly.extension.undertow] (ServerService Thread Pool -- 2) WFLYUT0022: Unregistered web context: '/auth' from server 'default-server'
2020-08-11 20:28:38,338 ERROR [org.jboss.as.server.deployment] (MSC service thread 1-8) WFLYSRV0043: Deployment unit processor org.keycloak.subsystem.server.extension.KeycloakProviderDeploymentProcessor@732f176 unexpectedly threw an exception during undeploy phase POST_MODULE of deployment "keycloak-social-naver.jar": java.lang.NullPointerException
	at org.keycloak.services.managers.DefaultBruteForceProtectorFactory.close(DefaultBruteForceProtectorFactory.java:50)
	at org.keycloak.services.DefaultKeycloakSessionFactory.undeploy(DefaultKeycloakSessionFactory.java:174)
	at org.keycloak.provider.ProviderManagerRegistry.undeploy(ProviderManagerRegistry.java:51)
	at org.keycloak.subsystem.server.extension.KeycloakProviderDeploymentProcessor.undeploy(KeycloakProviderDeploymentProcessor.java:72)
	at org.jboss.as.server.deployment.DeploymentUnitPhaseService.safeUndeploy(DeploymentUnitPhaseService.java:245)
	at org.jboss.as.server.deployment.DeploymentUnitPhaseService.stop(DeploymentUnitPhaseService.java:238)
	at org.jboss.msc.service.ServiceControllerImpl$StopTask.stopService(ServiceControllerImpl.java:1795)
	at org.jboss.msc.service.ServiceControllerImpl$StopTask.execute(ServiceControllerImpl.java:1764)
	at org.jboss.msc.service.ServiceControllerImpl$ControllerTask.run(ServiceControllerImpl.java:1559)
	at org.jboss.threads.ContextClassLoaderSavingRunnable.run(ContextClassLoaderSavingRunnable.java:35)
	at org.jboss.threads.EnhancedQueueExecutor.safeRun(EnhancedQueueExecutor.java:1982)
	at org.jboss.threads.EnhancedQueueExecutor$ThreadBody.doRunTask(EnhancedQueueExecutor.java:1486)
	at org.jboss.threads.EnhancedQueueExecutor$ThreadBody.run(EnhancedQueueExecutor.java:1363)
	at java.lang.Thread.run(Thread.java:748)

2020-08-11 20:28:38,362 ERROR [org.jboss.as.server.deployment] (MSC service thread 1-7) WFLYSRV0043: Deployment unit processor org.keycloak.subsystem.server.extension.KeycloakProviderDeploymentProcessor@732f176 unexpectedly threw an exception during undeploy phase POST_MODULE of deployment "keycloak-plain.jar": java.lang.NullPointerException
	at org.keycloak.services.managers.DefaultBruteForceProtectorFactory.close(DefaultBruteForceProtectorFactory.java:50)
	at org.keycloak.services.DefaultKeycloakSessionFactory.undeploy(DefaultKeycloakSessionFactory.java:174)
	at org.keycloak.provider.ProviderManagerRegistry.undeploy(ProviderManagerRegistry.java:51)
	at org.keycloak.subsystem.server.extension.KeycloakProviderDeploymentProcessor.undeploy(KeycloakProviderDeploymentProcessor.java:72)
	at org.jboss.as.server.deployment.DeploymentUnitPhaseService.safeUndeploy(DeploymentUnitPhaseService.java:245)
	at org.jboss.as.server.deployment.DeploymentUnitPhaseService.stop(DeploymentUnitPhaseService.java:238)
	at org.jboss.msc.service.ServiceControllerImpl$StopTask.stopService(ServiceControllerImpl.java:1795)
	at org.jboss.msc.service.ServiceControllerImpl$StopTask.execute(ServiceControllerImpl.java:1764)
	at org.jboss.msc.service.ServiceControllerImpl$ControllerTask.run(ServiceControllerImpl.java:1559)
	at org.jboss.threads.ContextClassLoaderSavingRunnable.run(ContextClassLoaderSavingRunnable.java:35)
	at org.jboss.threads.EnhancedQueueExecutor.safeRun(EnhancedQueueExecutor.java:1982)
	at org.jboss.threads.EnhancedQueueExecutor$ThreadBody.doRunTask(EnhancedQueueExecutor.java:1486)
	at org.jboss.threads.EnhancedQueueExecutor$ThreadBody.run(EnhancedQueueExecutor.java:1363)
	at java.lang.Thread.run(Thread.java:748)

2020-08-11 20:28:38,360 ERROR [org.jboss.as.server.deployment] (MSC service thread 1-6) WFLYSRV0043: Deployment unit processor org.keycloak.subsystem.server.extension.KeycloakProviderDeploymentProcessor@732f176 unexpectedly threw an exception during undeploy phase POST_MODULE of deployment "spi-registration-profile.jar": java.lang.NullPointerException
	at org.keycloak.services.managers.DefaultBruteForceProtectorFactory.close(DefaultBruteForceProtectorFactory.java:50)
	at org.keycloak.services.DefaultKeycloakSessionFactory.undeploy(DefaultKeycloakSessionFactory.java:174)
	at org.keycloak.provider.ProviderManagerRegistry.undeploy(ProviderManagerRegistry.java:51)
	at org.keycloak.subsystem.server.extension.KeycloakProviderDeploymentProcessor.undeploy(KeycloakProviderDeploymentProcessor.java:72)
	at org.jboss.as.server.deployment.DeploymentUnitPhaseService.safeUndeploy(DeploymentUnitPhaseService.java:245)
	at org.jboss.as.server.deployment.DeploymentUnitPhaseService.stop(DeploymentUnitPhaseService.java:238)
	at org.jboss.msc.service.ServiceControllerImpl$StopTask.stopService(ServiceControllerImpl.java:1795)
	at org.jboss.msc.service.ServiceControllerImpl$StopTask.execute(ServiceControllerImpl.java:1764)
	at org.jboss.msc.service.ServiceControllerImpl$ControllerTask.run(ServiceControllerImpl.java:1559)
	at org.jboss.threads.ContextClassLoaderSavingRunnable.run(ContextClassLoaderSavingRunnable.java:35)
	at org.jboss.threads.EnhancedQueueExecutor.safeRun(EnhancedQueueExecutor.java:1982)
	at org.jboss.threads.EnhancedQueueExecutor$ThreadBody.doRunTask(EnhancedQueueExecutor.java:1486)
	at org.jboss.threads.EnhancedQueueExecutor$ThreadBody.run(EnhancedQueueExecutor.java:1363)
	at java.lang.Thread.run(Thread.java:748)

2020-08-11 20:28:38,470 INFO  [org.jboss.as.server.deployment] (MSC service thread 1-3) WFLYSRV0028: Stopped deployment spi-registration-profile.jar (runtime-name: spi-registration-profile.jar) in 301ms
2020-08-11 20:28:38,477 INFO  [org.jboss.as.server.deployment] (MSC service thread 1-3) WFLYSRV0028: Stopped deployment keycloak-social-naver.jar (runtime-name: keycloak-social-naver.jar) in 321ms
2020-08-11 20:28:38,477 INFO  [org.jboss.as.server.deployment] (MSC service thread 1-8) WFLYSRV0028: Stopped deployment keycloak-bcrypt.jar (runtime-name: keycloak-bcrypt.jar) in 308ms
2020-08-11 20:28:38,476 INFO  [org.jboss.as.server.deployment] (MSC service thread 1-2) WFLYSRV0028: Stopped deployment keycloak-plain.jar (runtime-name: keycloak-plain.jar) in 328ms
2020-08-11 20:28:38,481 INFO  [org.jboss.as.connector.subsystems.datasources] (MSC service thread 1-2) WFLYJCA0010: Unbound data source [java:jboss/datasources/KeycloakDS]
2020-08-11 20:28:38,511 INFO  [org.wildfly.extension.undertow] (MSC service thread 1-7) WFLYUT0019: Host default-host stopping
2020-08-11 20:28:38,553 INFO  [org.jboss.as.clustering.infinispan] (ServerService Thread Pool -- 77) WFLYCLINF0003: Stopped authenticationSessions cache from keycloak container
2020-08-11 20:28:38,553 INFO  [org.jboss.as.clustering.infinispan] (ServerService Thread Pool -- 71) WFLYCLINF0003: Stopped offlineClientSessions cache from keycloak container
2020-08-11 20:28:38,553 INFO  [org.jboss.as.clustering.infinispan] (ServerService Thread Pool -- 78) WFLYCLINF0003: Stopped keys cache from keycloak container
2020-08-11 20:28:38,555 INFO  [org.jboss.as.clustering.infinispan] (ServerService Thread Pool -- 74) WFLYCLINF0003: Stopped work cache from keycloak container
2020-08-11 20:28:38,564 INFO  [org.jboss.as.clustering.infinispan] (ServerService Thread Pool -- 2) WFLYCLINF0003: Stopped sessions cache from keycloak container
2020-08-11 20:28:38,566 INFO  [org.jboss.as.clustering.infinispan] (ServerService Thread Pool -- 80) WFLYCLINF0003: Stopped actionTokens cache from keycloak container
2020-08-11 20:28:38,578 INFO  [org.jboss.as.clustering.infinispan] (ServerService Thread Pool -- 79) WFLYCLINF0003: Stopped users cache from keycloak container
2020-08-11 20:28:38,589 INFO  [org.jboss.as.clustering.infinispan] (ServerService Thread Pool -- 73) WFLYCLINF0003: Stopped loginFailures cache from keycloak container
2020-08-11 20:28:38,616 INFO  [org.jboss.as.clustering.infinispan] (ServerService Thread Pool -- 81) WFLYCLINF0003: Stopped offlineSessions cache from keycloak container
2020-08-11 20:28:38,620 INFO  [org.jboss.as.clustering.infinispan] (ServerService Thread Pool -- 76) WFLYCLINF0003: Stopped authorization cache from keycloak container
2020-08-11 20:28:38,633 INFO  [org.jboss.as.clustering.infinispan] (ServerService Thread Pool -- 75) WFLYCLINF0003: Stopped realms cache from keycloak container
2020-08-11 20:28:38,644 INFO  [org.jboss.as.clustering.infinispan] (ServerService Thread Pool -- 82) WFLYCLINF0003: Stopped clientSessions cache from keycloak container
2020-08-11 20:28:38,648 INFO  [org.jboss.as.clustering.infinispan] (ServerService Thread Pool -- 72) WFLYCLINF0003: Stopped client-mappings cache from ejb container
2020-08-11 20:28:38,650 INFO  [org.jboss.as.server.deployment] (MSC service thread 1-6) WFLYSRV0028: Stopped deployment keycloak-server.war (runtime-name: keycloak-server.war) in 487ms
2020-08-11 20:28:38,659 INFO  [org.wildfly.extension.undertow] (MSC service thread 1-1) WFLYUT0008: Undertow HTTP listener default suspending
2020-08-11 20:28:38,662 INFO  [org.wildfly.extension.undertow] (MSC service thread 1-1) WFLYUT0007: Undertow HTTP listener default stopped, was bound to 127.0.0.1:8181
2020-08-11 20:28:38,677 INFO  [org.jboss.as.connector.deployers.jdbc] (MSC service thread 1-8) WFLYJCA0019: Stopped Driver service with driver-name = mariadb
2020-08-11 20:28:38,693 INFO  [org.wildfly.extension.undertow] (MSC service thread 1-3) WFLYUT0004: Undertow 2.1.0.Final stopping
2020-08-11 20:28:38,785 INFO  [org.jboss.as] (MSC service thread 1-6) WFLYSRV0050: Keycloak 10.0.2 (WildFly Core 11.1.1.Final) stopped in 620ms
