2020-07-30 08:38:50,577 INFO  [org.jboss.modules] (main) JBoss Modules version 1.10.0.Final
2020-07-30 08:38:54,161 INFO  [org.jboss.msc] (main) JBoss MSC version 1.4.11.Final
2020-07-30 08:38:54,178 INFO  [org.jboss.threads] (main) JBoss Threads version 2.3.3.Final
2020-07-30 08:38:54,694 INFO  [org.jboss.as] (MSC service thread 1-2) WFLYSRV0049: Keycloak 10.0.2 (WildFly Core 11.1.1.Final) starting
2020-07-30 08:38:54,698 DEBUG [org.jboss.as.config] (MSC service thread 1-2) Configured system properties:
	[Standalone] = 
	awt.toolkit = sun.awt.X11.XToolkit
	file.encoding = UTF-8
	file.encoding.pkg = sun.io
	file.separator = /
	java.awt.graphicsenv = sun.awt.X11GraphicsEnvironment
	java.awt.headless = true
	java.awt.printerjob = sun.print.PSPrinterJob
	java.class.path = /mnt/d/subji/msa/keycloak/keycloak-10.0.2/jboss-modules.jar
	java.class.version = 52.0
	java.endorsed.dirs = /usr/lib/jvm/java-8-openjdk-amd64/jre/lib/endorsed
	java.ext.dirs = /usr/lib/jvm/java-8-openjdk-amd64/jre/lib/ext:/usr/java/packages/lib/ext
	java.home = /usr/lib/jvm/java-8-openjdk-amd64/jre
	java.io.tmpdir = /tmp
	java.library.path = /usr/java/packages/lib/amd64:/usr/lib/x86_64-linux-gnu/jni:/lib/x86_64-linux-gnu:/usr/lib/x86_64-linux-gnu:/usr/lib/jni:/lib:/usr/lib
	java.net.preferIPv4Stack = true
	java.runtime.name = OpenJDK Runtime Environment
	java.runtime.version = 1.8.0_252-8u252-b09-1ubuntu1-b09
	java.specification.name = Java Platform API Specification
	java.specification.vendor = Oracle Corporation
	java.specification.version = 1.8
	java.util.logging.manager = org.jboss.logmanager.LogManager
	java.vendor = Private Build
	java.vendor.url = http://java.oracle.com/
	java.vendor.url.bug = http://bugreport.sun.com/bugreport/
	java.version = 1.8.0_252
	java.vm.info = mixed mode
	java.vm.name = OpenJDK 64-Bit Server VM
	java.vm.specification.name = Java Virtual Machine Specification
	java.vm.specification.vendor = Oracle Corporation
	java.vm.specification.version = 1.8
	java.vm.vendor = Private Build
	java.vm.version = 25.252-b09
	javax.management.builder.initial = org.jboss.as.jmx.PluggableMBeanServerBuilder
	jboss.home.dir = /mnt/d/subji/msa/keycloak/keycloak-10.0.2
	jboss.host.name = desktop-ng3gpva
	jboss.modules.dir = /mnt/d/subji/msa/keycloak/keycloak-10.0.2/modules
	jboss.modules.system.pkgs = org.jboss.byteman
	jboss.node.name = desktop-ng3gpva
	jboss.qualified.host.name = desktop-ng3gpva.localdomain
	jboss.server.base.dir = /mnt/d/subji/msa/keycloak/keycloak-10.0.2/standalone
	jboss.server.config.dir = /mnt/d/subji/msa/keycloak/keycloak-10.0.2/standalone/configuration
	jboss.server.data.dir = /mnt/d/subji/msa/keycloak/keycloak-10.0.2/standalone/data
	jboss.server.deploy.dir = /mnt/d/subji/msa/keycloak/keycloak-10.0.2/standalone/data/content
	jboss.server.log.dir = /mnt/d/subji/msa/keycloak/keycloak-10.0.2/standalone/log
	jboss.server.name = desktop-ng3gpva
	jboss.server.persist.config = true
	jboss.server.temp.dir = /mnt/d/subji/msa/keycloak/keycloak-10.0.2/standalone/tmp
	line.separator = 

	logging.configuration = file:/mnt/d/subji/msa/keycloak/keycloak-10.0.2/standalone/configuration/logging.properties
	module.path = /mnt/d/subji/msa/keycloak/keycloak-10.0.2/modules
	org.jboss.boot.log.file = /mnt/d/subji/msa/keycloak/keycloak-10.0.2/standalone/log/server.log
	org.jboss.resolver.warning = true
	os.arch = amd64
	os.name = Linux
	os.version = 4.4.0-18362-Microsoft
	path.separator = :
	sun.arch.data.model = 64
	sun.boot.class.path = /usr/lib/jvm/java-8-openjdk-amd64/jre/lib/resources.jar:/usr/lib/jvm/java-8-openjdk-amd64/jre/lib/rt.jar:/usr/lib/jvm/java-8-openjdk-amd64/jre/lib/sunrsasign.jar:/usr/lib/jvm/java-8-openjdk-amd64/jre/lib/jsse.jar:/usr/lib/jvm/java-8-openjdk-amd64/jre/lib/jce.jar:/usr/lib/jvm/java-8-openjdk-amd64/jre/lib/charsets.jar:/usr/lib/jvm/java-8-openjdk-amd64/jre/lib/jfr.jar:/usr/lib/jvm/java-8-openjdk-amd64/jre/classes
	sun.boot.library.path = /usr/lib/jvm/java-8-openjdk-amd64/jre/lib/amd64
	sun.cpu.endian = little
	sun.cpu.isalist = 
	sun.io.unicode.encoding = UnicodeLittle
	sun.java.command = /mnt/d/subji/msa/keycloak/keycloak-10.0.2/jboss-modules.jar -mp /mnt/d/subji/msa/keycloak/keycloak-10.0.2/modules org.jboss.as.standalone -Djboss.home.dir=/mnt/d/subji/msa/keycloak/keycloak-10.0.2 -Djboss.server.base.dir=/mnt/d/subji/msa/keycloak/keycloak-10.0.2/standalone
	sun.java.launcher = SUN_STANDARD
	sun.jnu.encoding = UTF-8
	sun.management.compiler = HotSpot 64-Bit Tiered Compilers
	sun.os.patch.level = unknown
	user.country = US
	user.dir = /mnt/d/subji/msa
	user.home = /home/subji
	user.language = en
	user.name = subji
	user.timezone = Asia/Seoul
2020-07-30 08:38:54,706 DEBUG [org.jboss.as.config] (MSC service thread 1-2) VM Arguments: -D[Standalone] -Xms64m -Xmx512m -XX:MetaspaceSize=96M -XX:MaxMetaspaceSize=256m -Djava.net.preferIPv4Stack=true -Djboss.modules.system.pkgs=org.jboss.byteman -Djava.awt.headless=true -Dorg.jboss.boot.log.file=/mnt/d/subji/msa/keycloak/keycloak-10.0.2/standalone/log/server.log -Dlogging.configuration=file:/mnt/d/subji/msa/keycloak/keycloak-10.0.2/standalone/configuration/logging.properties 
2020-07-30 08:38:58,289 INFO  [org.wildfly.security] (ServerService Thread Pool -- 20) ELY00001: WildFly Elytron version 1.11.4.Final
2020-07-30 08:39:05,919 INFO  [org.jboss.as.controller.management-deprecated] (Controller Boot Thread) WFLYCTL0028: Attribute 'security-realm' in the resource at address '/core-service=management/management-interface=http-interface' is deprecated, and may be removed in a future version. See the attribute description in the output of the read-resource-description operation to learn more about the deprecation.
2020-07-30 08:39:05,952 INFO  [org.jboss.as.controller.management-deprecated] (ServerService Thread Pool -- 20) WFLYCTL0028: Attribute 'security-realm' in the resource at address '/subsystem=undertow/server=default-server/https-listener=https' is deprecated, and may be removed in a future version. See the attribute description in the output of the read-resource-description operation to learn more about the deprecation.
2020-07-30 08:39:06,295 INFO  [org.jboss.as.server] (Controller Boot Thread) WFLYSRV0039: Creating http management service using socket-binding (management-http)
2020-07-30 08:39:06,356 INFO  [org.xnio] (MSC service thread 1-7) XNIO version 3.7.7.Final
2020-07-30 08:39:06,384 INFO  [org.xnio.nio] (MSC service thread 1-7) XNIO NIO Implementation Version 3.7.7.Final
2020-07-30 08:39:06,509 INFO  [org.wildfly.extension.microprofile.config.smallrye._private] (ServerService Thread Pool -- 45) WFLYCONF0001: Activating WildFly MicroProfile Config Subsystem
2020-07-30 08:39:06,517 INFO  [org.wildfly.extension.io] (ServerService Thread Pool -- 38) WFLYIO001: Worker 'default' has auto-configured to 8 IO threads with 64 max task threads based on your 4 available processors
2020-07-30 08:39:06,552 INFO  [org.wildfly.extension.microprofile.health.smallrye] (ServerService Thread Pool -- 46) WFLYHEALTH0001: Activating Eclipse MicroProfile Health Subsystem
2020-07-30 08:39:06,550 WARN  [org.jboss.as.txn] (ServerService Thread Pool -- 53) WFLYTX0013: The node-identifier attribute on the /subsystem=transactions is set to the default value. This is a danger for environments running multiple servers. Please make sure the attribute value is unique.
2020-07-30 08:39:06,573 INFO  [org.wildfly.extension.microprofile.metrics.smallrye] (ServerService Thread Pool -- 47) WFLYMETRICS0001: Activating Eclipse MicroProfile Metrics Subsystem
2020-07-30 08:39:06,578 INFO  [org.jboss.as.clustering.infinispan] (ServerService Thread Pool -- 37) WFLYCLINF0001: Activating Infinispan subsystem.
2020-07-30 08:39:06,597 INFO  [org.jboss.as.security] (ServerService Thread Pool -- 51) WFLYSEC0002: Activating Security Subsystem
2020-07-30 08:39:06,607 INFO  [org.jboss.as.security] (MSC service thread 1-2) WFLYSEC0001: Current PicketBox version=5.0.3.Final
2020-07-30 08:39:06,637 INFO  [org.jboss.as.connector] (MSC service thread 1-8) WFLYJCA0009: Starting JCA Subsystem (WildFly/IronJacamar 1.4.20.Final)
2020-07-30 08:39:06,648 INFO  [org.jboss.as.naming] (ServerService Thread Pool -- 48) WFLYNAM0001: Activating Naming Subsystem
2020-07-30 08:39:06,684 INFO  [org.jboss.as.naming] (MSC service thread 1-1) WFLYNAM0003: Starting Naming Service
2020-07-30 08:39:06,902 INFO  [org.jboss.as.mail.extension] (MSC service thread 1-8) WFLYMAIL0001: Bound mail session [java:jboss/mail/Default]
2020-07-30 08:39:06,997 INFO  [org.jboss.remoting] (MSC service thread 1-7) JBoss Remoting version 5.0.17.Final
2020-07-30 08:39:08,449 INFO  [org.wildfly.extension.undertow] (MSC service thread 1-3) WFLYUT0003: Undertow 2.1.0.Final starting
2020-07-30 08:39:08,586 INFO  [org.jboss.as.jaxrs] (ServerService Thread Pool -- 39) WFLYRS0016: RESTEasy version 3.11.2.Final
2020-07-30 08:39:08,640 WARN  [org.wildfly.clustering.web.undertow] (ServerService Thread Pool -- 54) WFLYCLWEBUT0007: No routing provider found for default-server; using legacy provider based on static configuration
2020-07-30 08:39:08,870 INFO  [org.jboss.as.connector.subsystems.datasources] (ServerService Thread Pool -- 32) WFLYJCA0004: Deploying JDBC-compliant driver class org.mariadb.jdbc.Driver (version 2.6)
2020-07-30 08:39:08,888 INFO  [org.jboss.as.connector.deployers.jdbc] (MSC service thread 1-1) WFLYJCA0018: Started Driver service with driver-name = mariadb
2020-07-30 08:39:09,331 INFO  [org.wildfly.extension.undertow] (ServerService Thread Pool -- 54) WFLYUT0014: Creating file handler for path '/mnt/d/subji/msa/keycloak/keycloak-10.0.2/welcome-content' with options [directory-listing: 'false', follow-symlink: 'false', case-sensitive: 'true', safe-symlink-paths: '[]']
2020-07-30 08:39:09,372 INFO  [org.wildfly.extension.undertow] (MSC service thread 1-3) WFLYUT0012: Started server default-server.
2020-07-30 08:39:09,452 INFO  [org.jboss.as.ejb3] (MSC service thread 1-5) WFLYEJB0493: EJB subsystem suspension complete
2020-07-30 08:39:09,474 INFO  [org.wildfly.extension.undertow] (MSC service thread 1-3) WFLYUT0018: Host default-host starting
2020-07-30 08:39:09,531 INFO  [org.jboss.as.ejb3] (MSC service thread 1-5) WFLYEJB0482: Strict pool mdb-strict-max-pool is using a max instance size of 16 (per class), which is derived from the number of CPUs on this host.
2020-07-30 08:39:09,531 INFO  [org.jboss.as.ejb3] (MSC service thread 1-3) WFLYEJB0481: Strict pool slsb-strict-max-pool is using a max instance size of 64 (per class), which is derived from thread worker pool sizing.
2020-07-30 08:39:09,608 INFO  [org.wildfly.extension.undertow] (MSC service thread 1-1) WFLYUT0006: Undertow HTTP listener default listening on 127.0.0.1:8080
2020-07-30 08:39:09,733 INFO  [org.jboss.as.connector.subsystems.datasources] (MSC service thread 1-4) WFLYJCA0001: Bound data source [java:jboss/datasources/KeycloakDS]
2020-07-30 08:39:09,734 INFO  [org.jboss.as.connector.subsystems.datasources] (MSC service thread 1-4) WFLYJCA0001: Bound data source [java:jboss/datasource/UserStoreXADS]
2020-07-30 08:39:11,612 INFO  [org.jboss.as.patching] (MSC service thread 1-5) WFLYPAT0050: Keycloak cumulative patch ID is: base, one-off patches include: none
2020-07-30 08:39:11,637 WARN  [org.jboss.as.domain.management.security] (MSC service thread 1-6) WFLYDM0111: Keystore /mnt/d/subji/msa/keycloak/keycloak-10.0.2/standalone/configuration/application.keystore not found, it will be auto generated on first use with a self signed certificate for host localhost
2020-07-30 08:39:11,659 INFO  [org.jboss.as.server.deployment.scanner] (MSC service thread 1-5) WFLYDS0013: Started FileSystemDeploymentService for directory /mnt/d/subji/msa/keycloak/keycloak-10.0.2/standalone/deployments
2020-07-30 08:39:11,703 INFO  [org.jboss.as.server.deployment] (MSC service thread 1-8) WFLYSRV0027: Starting deployment of "keycloak-plain.jar" (runtime-name: "keycloak-plain.jar")
2020-07-30 08:39:11,702 INFO  [org.jboss.as.server.deployment] (MSC service thread 1-2) WFLYSRV0027: Starting deployment of "keycloak-social-naver.jar" (runtime-name: "keycloak-social-naver.jar")
2020-07-30 08:39:11,703 INFO  [org.jboss.as.server.deployment] (MSC service thread 1-3) WFLYSRV0027: Starting deployment of "spi-registration-profile.jar" (runtime-name: "spi-registration-profile.jar")
2020-07-30 08:39:11,703 INFO  [org.jboss.as.server.deployment] (MSC service thread 1-1) WFLYSRV0027: Starting deployment of "keycloak-server.war" (runtime-name: "keycloak-server.war")
2020-07-30 08:39:11,702 INFO  [org.jboss.as.server.deployment] (MSC service thread 1-4) WFLYSRV0027: Starting deployment of "keycloak-bcrypt.jar" (runtime-name: "keycloak-bcrypt.jar")
2020-07-30 08:39:11,913 INFO  [org.wildfly.extension.undertow] (MSC service thread 1-7) WFLYUT0006: Undertow HTTPS listener https listening on 127.0.0.1:8443
2020-07-30 08:39:13,329 WARN  [org.jboss.as.dependency.private] (MSC service thread 1-2) WFLYSRV0018: Deployment "deployment.keycloak-social-naver.jar" is using a private module ("org.keycloak.keycloak-services") which may be changed or removed in future versions without notice.
2020-07-30 08:39:13,333 WARN  [org.jboss.as.dependency.private] (MSC service thread 1-2) WFLYSRV0018: Deployment "deployment.keycloak-social-naver.jar" is using a private module ("org.keycloak.keycloak-server-spi-private") which may be changed or removed in future versions without notice.
2020-07-30 08:39:13,412 INFO  [org.keycloak.subsystem.server.extension.KeycloakProviderDeploymentProcessor] (MSC service thread 1-1) Deploying Keycloak provider: keycloak-bcrypt.jar
2020-07-30 08:39:13,412 INFO  [org.keycloak.subsystem.server.extension.KeycloakProviderDeploymentProcessor] (MSC service thread 1-3) Deploying Keycloak provider: keycloak-social-naver.jar
2020-07-30 08:39:13,412 INFO  [org.keycloak.subsystem.server.extension.KeycloakProviderDeploymentProcessor] (MSC service thread 1-8) Deploying Keycloak provider: keycloak-plain.jar
2020-07-30 08:39:13,412 INFO  [org.keycloak.subsystem.server.extension.KeycloakProviderDeploymentProcessor] (MSC service thread 1-5) Deploying Keycloak provider: spi-registration-profile.jar
2020-07-30 08:39:14,045 INFO  [org.infinispan.factories.GlobalComponentRegistry] (MSC service thread 1-7) ISPN000128: Infinispan version: Infinispan 'Infinity Minus ONE +2' 9.4.18.Final
2020-07-30 08:39:14,558 INFO  [org.jboss.as.clustering.infinispan] (ServerService Thread Pool -- 57) WFLYCLINF0002: Started keys cache from keycloak container
2020-07-30 08:39:14,564 INFO  [org.jboss.as.clustering.infinispan] (ServerService Thread Pool -- 61) WFLYCLINF0002: Started offlineClientSessions cache from keycloak container
2020-07-30 08:39:14,558 INFO  [org.jboss.as.clustering.infinispan] (ServerService Thread Pool -- 62) WFLYCLINF0002: Started users cache from keycloak container
2020-07-30 08:39:14,565 INFO  [org.jboss.as.clustering.infinispan] (ServerService Thread Pool -- 59) WFLYCLINF0002: Started loginFailures cache from keycloak container
2020-07-30 08:39:14,566 INFO  [org.jboss.as.clustering.infinispan] (ServerService Thread Pool -- 58) WFLYCLINF0002: Started authenticationSessions cache from keycloak container
2020-07-30 08:39:14,559 INFO  [org.jboss.as.clustering.infinispan] (ServerService Thread Pool -- 65) WFLYCLINF0002: Started offlineSessions cache from keycloak container
2020-07-30 08:39:14,560 INFO  [org.jboss.as.clustering.infinispan] (ServerService Thread Pool -- 64) WFLYCLINF0002: Started realms cache from keycloak container
2020-07-30 08:39:14,566 INFO  [org.jboss.as.clustering.infinispan] (ServerService Thread Pool -- 60) WFLYCLINF0002: Started sessions cache from keycloak container
2020-07-30 08:39:14,567 INFO  [org.jboss.as.clustering.infinispan] (ServerService Thread Pool -- 66) WFLYCLINF0002: Started actionTokens cache from keycloak container
2020-07-30 08:39:14,562 INFO  [org.jboss.as.clustering.infinispan] (ServerService Thread Pool -- 56) WFLYCLINF0002: Started authorization cache from keycloak container
2020-07-30 08:39:14,562 INFO  [org.jboss.as.clustering.infinispan] (ServerService Thread Pool -- 67) WFLYCLINF0002: Started clientSessions cache from keycloak container
2020-07-30 08:39:14,561 INFO  [org.jboss.as.clustering.infinispan] (ServerService Thread Pool -- 63) WFLYCLINF0002: Started work cache from keycloak container
2020-07-30 08:39:14,647 INFO  [org.jboss.as.clustering.infinispan] (ServerService Thread Pool -- 68) WFLYCLINF0002: Started client-mappings cache from ejb container
2020-07-30 08:39:15,349 WARN  [org.jboss.as.server.deployment] (MSC service thread 1-5) WFLYSRV0273: Excluded subsystem webservices via jboss-deployment-structure.xml does not exist.
2020-07-30 08:39:16,643 INFO  [org.keycloak.services] (ServerService Thread Pool -- 67) KC-SERVICES0001: Loading config from standalone.xml or domain.xml
2020-07-30 08:39:18,032 INFO  [org.keycloak.url.DefaultHostnameProviderFactory] (ServerService Thread Pool -- 67) Frontend: <request>, Admin: <frontend>, Backend: <request>
2020-07-30 08:39:18,259 WARN  [org.keycloak.services] (ServerService Thread Pool -- 67) KC-SERVICES0047: naver (moe.saru.keycloak.modules.naver.NaverIdentityProviderFactory) is implementing the internal SPI social. This SPI is internal and may change without notice
2020-07-30 08:39:18,275 WARN  [org.keycloak.services] (ServerService Thread Pool -- 67) KC-SERVICES0047: naver-user-attribute-mapper (moe.saru.keycloak.modules.naver.NaverUserAttributeMapper) is implementing the internal SPI identity-provider-mapper. This SPI is internal and may change without notice
2020-07-30 08:39:18,278 INFO  [org.keycloak.url.DefaultHostnameProviderFactory] (ServerService Thread Pool -- 67) Frontend: <request>, Admin: <frontend>, Backend: <request>
2020-07-30 08:39:18,317 WARN  [org.keycloak.services] (ServerService Thread Pool -- 67) KC-SERVICES0047: bcrypt (com.github.leroyguillaume.keycloak.bcrypt.BCryptPasswordHashProviderFactory) is implementing the internal SPI password-hashing. This SPI is internal and may change without notice
2020-07-30 08:39:18,331 INFO  [org.keycloak.url.DefaultHostnameProviderFactory] (ServerService Thread Pool -- 67) Frontend: <request>, Admin: <frontend>, Backend: <request>
2020-07-30 08:39:18,358 WARN  [org.keycloak.services] (ServerService Thread Pool -- 67) KC-SERVICES0047: plain (com.github.leroyguillaume.keycloak.bcrypt.PlainPasswordHashProviderFactory) is implementing the internal SPI password-hashing. This SPI is internal and may change without notice
2020-07-30 08:39:18,367 INFO  [org.keycloak.url.DefaultHostnameProviderFactory] (ServerService Thread Pool -- 67) Frontend: <request>, Admin: <frontend>, Backend: <request>
2020-07-30 08:39:18,397 WARN  [org.keycloak.services] (ServerService Thread Pool -- 67) KC-SERVICES0047: pl-spi-registration-profile (com.zonaut.keycloak.extensions.actions.forms.PlaceholderRegistrationProfile) is implementing the internal SPI form-action. This SPI is internal and may change without notice
2020-07-30 08:39:18,403 INFO  [org.keycloak.url.DefaultHostnameProviderFactory] (ServerService Thread Pool -- 67) Frontend: <request>, Admin: <frontend>, Backend: <request>
2020-07-30 08:39:18,437 INFO  [org.jboss.as.clustering.infinispan] (ServerService Thread Pool -- 67) WFLYCLINF0002: Started realmRevisions cache from keycloak container
2020-07-30 08:39:18,445 INFO  [org.jboss.as.clustering.infinispan] (ServerService Thread Pool -- 67) WFLYCLINF0002: Started userRevisions cache from keycloak container
2020-07-30 08:39:18,462 INFO  [org.jboss.as.clustering.infinispan] (ServerService Thread Pool -- 67) WFLYCLINF0002: Started authorizationRevisions cache from keycloak container
2020-07-30 08:39:18,465 INFO  [org.keycloak.connections.infinispan.DefaultInfinispanConnectionProviderFactory] (ServerService Thread Pool -- 67) Node name: desktop-ng3gpva, Site name: null
2020-07-30 08:39:21,657 INFO  [org.hibernate.jpa.internal.util.LogHelper] (ServerService Thread Pool -- 67) HHH000204: Processing PersistenceUnitInfo [
	name: keycloak-default
	...]
2020-07-30 08:39:21,869 INFO  [org.hibernate.Version] (ServerService Thread Pool -- 67) HHH000412: Hibernate Core {5.3.15.Final}
2020-07-30 08:39:21,872 INFO  [org.hibernate.cfg.Environment] (ServerService Thread Pool -- 67) HHH000206: hibernate.properties not found
2020-07-30 08:39:22,393 INFO  [org.hibernate.annotations.common.Version] (ServerService Thread Pool -- 67) HCANN000001: Hibernate Commons Annotations {5.0.5.Final}
2020-07-30 08:39:22,817 INFO  [org.hibernate.dialect.Dialect] (ServerService Thread Pool -- 67) HHH000400: Using dialect: org.hibernate.dialect.MariaDB103Dialect
2020-07-30 08:39:22,914 INFO  [org.hibernate.envers.boot.internal.EnversServiceImpl] (ServerService Thread Pool -- 67) Envers integration enabled? : true
2020-07-30 08:39:23,685 INFO  [org.hibernate.orm.beans] (ServerService Thread Pool -- 67) HHH10005002: No explicit CDI BeanManager reference was passed to Hibernate, but CDI is available on the Hibernate ClassLoader.
2020-07-30 08:39:23,833 INFO  [org.hibernate.validator.internal.util.Version] (ServerService Thread Pool -- 67) HV000001: Hibernate Validator 6.0.18.Final
2020-07-30 08:39:25,353 INFO  [org.hibernate.hql.internal.QueryTranslatorFactoryInitiator] (ServerService Thread Pool -- 67) HHH000397: Using ASTQueryTranslatorFactory
2020-07-30 08:39:27,813 INFO  [org.keycloak.policy.BlacklistPasswordPolicyProviderFactory] (pool-16-thread-1) Loading blacklist with name sometrend.txt from /mnt/d/subji/msa/keycloak/keycloak-10.0.2/standalone/data/password-blacklists/sometrend.txt - start
2020-07-30 08:39:27,833 INFO  [org.keycloak.policy.BlacklistPasswordPolicyProviderFactory] (pool-16-thread-1) Loading blacklist with name sometrend.txt from /mnt/d/subji/msa/keycloak/keycloak-10.0.2/standalone/data/password-blacklists/sometrend.txt - end
2020-07-30 08:39:29,312 INFO  [org.jboss.resteasy.resteasy_jaxrs.i18n] (ServerService Thread Pool -- 67) RESTEASY002225: Deploying javax.ws.rs.core.Application: class org.keycloak.services.resources.KeycloakApplication
2020-07-30 08:39:29,331 INFO  [org.jboss.resteasy.resteasy_jaxrs.i18n] (ServerService Thread Pool -- 67) RESTEASY002200: Adding class resource org.keycloak.services.resources.JsResource from Application class org.keycloak.services.resources.KeycloakApplication
2020-07-30 08:39:29,332 INFO  [org.jboss.resteasy.resteasy_jaxrs.i18n] (ServerService Thread Pool -- 67) RESTEASY002205: Adding provider class org.keycloak.services.filters.KeycloakTransactionCommitter from Application class org.keycloak.services.resources.KeycloakApplication
2020-07-30 08:39:29,333 INFO  [org.jboss.resteasy.resteasy_jaxrs.i18n] (ServerService Thread Pool -- 67) RESTEASY002205: Adding provider class org.keycloak.services.filters.KeycloakSecurityHeadersFilter from Application class org.keycloak.services.resources.KeycloakApplication
2020-07-30 08:39:29,334 INFO  [org.jboss.resteasy.resteasy_jaxrs.i18n] (ServerService Thread Pool -- 67) RESTEASY002205: Adding provider class org.keycloak.services.error.KeycloakErrorHandler from Application class org.keycloak.services.resources.KeycloakApplication
2020-07-30 08:39:29,335 INFO  [org.jboss.resteasy.resteasy_jaxrs.i18n] (ServerService Thread Pool -- 67) RESTEASY002200: Adding class resource org.keycloak.services.resources.ThemeResource from Application class org.keycloak.services.resources.KeycloakApplication
2020-07-30 08:39:29,336 INFO  [org.jboss.resteasy.resteasy_jaxrs.i18n] (ServerService Thread Pool -- 67) RESTEASY002210: Adding provider singleton org.keycloak.services.util.ObjectMapperResolver from Application class org.keycloak.services.resources.KeycloakApplication
2020-07-30 08:39:29,336 INFO  [org.jboss.resteasy.resteasy_jaxrs.i18n] (ServerService Thread Pool -- 67) RESTEASY002220: Adding singleton resource org.keycloak.services.resources.admin.AdminRoot from Application class org.keycloak.services.resources.KeycloakApplication
2020-07-30 08:39:29,337 INFO  [org.jboss.resteasy.resteasy_jaxrs.i18n] (ServerService Thread Pool -- 67) RESTEASY002220: Adding singleton resource org.keycloak.services.resources.RobotsResource from Application class org.keycloak.services.resources.KeycloakApplication
2020-07-30 08:39:29,338 INFO  [org.jboss.resteasy.resteasy_jaxrs.i18n] (ServerService Thread Pool -- 67) RESTEASY002220: Adding singleton resource org.keycloak.services.resources.WelcomeResource from Application class org.keycloak.services.resources.KeycloakApplication
2020-07-30 08:39:29,340 INFO  [org.jboss.resteasy.resteasy_jaxrs.i18n] (ServerService Thread Pool -- 67) RESTEASY002220: Adding singleton resource org.keycloak.services.resources.RealmsResource from Application class org.keycloak.services.resources.KeycloakApplication
2020-07-30 08:39:29,548 INFO  [org.wildfly.extension.undertow] (ServerService Thread Pool -- 67) WFLYUT0021: Registered web context: '/auth' for server 'default-server'
2020-07-30 08:39:29,673 INFO  [org.jboss.as.server] (ServerService Thread Pool -- 33) WFLYSRV0010: Deployed "spi-registration-profile.jar" (runtime-name : "spi-registration-profile.jar")
2020-07-30 08:39:29,683 INFO  [org.jboss.as.server] (ServerService Thread Pool -- 33) WFLYSRV0010: Deployed "keycloak-social-naver.jar" (runtime-name : "keycloak-social-naver.jar")
2020-07-30 08:39:29,684 INFO  [org.jboss.as.server] (ServerService Thread Pool -- 33) WFLYSRV0010: Deployed "keycloak-plain.jar" (runtime-name : "keycloak-plain.jar")
2020-07-30 08:39:29,690 INFO  [org.jboss.as.server] (ServerService Thread Pool -- 33) WFLYSRV0010: Deployed "keycloak-bcrypt.jar" (runtime-name : "keycloak-bcrypt.jar")
2020-07-30 08:39:29,691 INFO  [org.jboss.as.server] (ServerService Thread Pool -- 43) WFLYSRV0010: Deployed "keycloak-server.war" (runtime-name : "keycloak-server.war")
2020-07-30 08:39:29,785 INFO  [org.jboss.as.server] (Controller Boot Thread) WFLYSRV0212: Resuming server
2020-07-30 08:39:29,792 INFO  [org.jboss.as] (Controller Boot Thread) WFLYSRV0060: Http management interface listening on http://127.0.0.1:9990/management
2020-07-30 08:39:29,793 INFO  [org.jboss.as] (Controller Boot Thread) WFLYSRV0051: Admin console listening on http://127.0.0.1:9990
2020-07-30 08:39:29,793 INFO  [org.jboss.as] (Controller Boot Thread) WFLYSRV0025: Keycloak 10.0.2 (WildFly Core 11.1.1.Final) started in 45936ms - Started 769 of 1071 services (618 services are lazy, passive or on-demand)
2020-07-30 09:04:48,434 WARN  [org.keycloak.connections.httpclient.DefaultHttpClientFactory] (default task-1) TruststoreProvider is disabled
2020-07-30 09:04:49,247 INFO  [stdout] (default task-1) extractIdentityFromProfile 1
2020-07-30 09:04:49,255 INFO  [stdout] (default task-1) {"resultcode":"00","message":"success","response":{"id":"23829383","email":"wltjq4000@naver.com"}}
2020-07-30 09:04:49,256 INFO  [stdout] (default task-1) 
2020-07-30 09:41:54,864 WARN  [org.keycloak.events] (default task-10) type=CLIENT_LOGIN_ERROR, realmId=daumsoft-realm, clientId=sometrend-dev, userId=null, ipAddress=127.0.0.1, error=invalid_client_credentials, grant_type=client_credentials
2020-07-30 09:43:36,098 WARN  [org.keycloak.events] (default task-10) type=CLIENT_LOGIN_ERROR, realmId=daumsoft-realm, clientId=sometrend-dev, userId=null, ipAddress=127.0.0.1, error=invalid_client_credentials, grant_type=client_credentials
2020-07-30 09:43:37,080 WARN  [org.keycloak.events] (default task-10) type=CLIENT_LOGIN_ERROR, realmId=daumsoft-realm, clientId=sometrend-dev, userId=null, ipAddress=127.0.0.1, error=invalid_client_credentials, grant_type=client_credentials
2020-07-30 10:48:39,832 WARN  [org.keycloak.events] (default task-30) type=LOGIN_ERROR, realmId=daumsoft-realm, clientId=sometrend-dev, userId=null, ipAddress=127.0.0.1, error=invalid_redirect_uri, redirect_uri=http://localhost:8081/sso/login
2020-07-30 10:49:12,326 INFO  [stdout] (default task-25) extractIdentityFromProfile 1
2020-07-30 10:49:12,328 INFO  [stdout] (default task-25) {"resultcode":"00","message":"success","response":{"id":"23829383","email":"wltjq4000@naver.com"}}
2020-07-30 10:49:12,330 INFO  [stdout] (default task-25) 
2020-07-30 11:14:46,508 INFO  [stdout] (default task-47) extractIdentityFromProfile 1
2020-07-30 11:14:46,510 INFO  [stdout] (default task-47) {"resultcode":"00","message":"success","response":{"id":"23829383","email":"wltjq4000@naver.com"}}
2020-07-30 11:14:46,510 INFO  [stdout] (default task-47) 
2020-07-30 11:24:23,114 INFO  [stdout] (default task-40) extractIdentityFromProfile 1
2020-07-30 11:24:23,117 INFO  [stdout] (default task-40) {"resultcode":"00","message":"success","response":{"id":"23829383","email":"wltjq4000@naver.com"}}
2020-07-30 11:24:23,118 INFO  [stdout] (default task-40) 
2020-07-30 11:26:10,807 INFO  [stdout] (default task-51) extractIdentityFromProfile 1
2020-07-30 11:26:10,809 INFO  [stdout] (default task-51) {"resultcode":"00","message":"success","response":{"id":"23829383","email":"wltjq4000@naver.com"}}
2020-07-30 11:26:10,813 INFO  [stdout] (default task-51) 
2020-07-30 11:32:04,115 INFO  [stdout] (default task-56) extractIdentityFromProfile 1
2020-07-30 11:32:04,116 INFO  [stdout] (default task-56) {"resultcode":"00","message":"success","response":{"id":"23829383","email":"wltjq4000@naver.com"}}
2020-07-30 11:32:04,116 INFO  [stdout] (default task-56) 
2020-07-30 12:38:28,953 INFO  [stdout] (default task-60) extractIdentityFromProfile 1
2020-07-30 12:38:29,034 INFO  [stdout] (default task-60) {"resultcode":"00","message":"success","response":{"id":"23829383","email":"wltjq4000@naver.com"}}
2020-07-30 12:38:29,111 INFO  [stdout] (default task-60) 
2020-07-30 12:55:50,962 INFO  [stdout] (default task-79) extractIdentityFromProfile 1
2020-07-30 12:55:50,963 INFO  [stdout] (default task-79) {"resultcode":"00","message":"success","response":{"id":"23829383","email":"wltjq4000@naver.com"}}
2020-07-30 12:55:50,964 INFO  [stdout] (default task-79) 
2020-07-30 12:59:45,949 INFO  [stdout] (default task-82) extractIdentityFromProfile 1
2020-07-30 12:59:45,949 INFO  [stdout] (default task-82) {"resultcode":"00","message":"success","response":{"id":"23829383","email":"wltjq4000@naver.com"}}
2020-07-30 12:59:45,950 INFO  [stdout] (default task-82) 
2020-07-30 13:06:43,227 INFO  [stdout] (default task-82) extractIdentityFromProfile 1
2020-07-30 13:06:43,227 INFO  [stdout] (default task-82) {"resultcode":"00","message":"success","response":{"id":"23829383","email":"wltjq4000@naver.com"}}
2020-07-30 13:06:43,228 INFO  [stdout] (default task-82) 
2020-07-30 13:23:40,652 INFO  [stdout] (default task-83) extractIdentityFromProfile 1
2020-07-30 13:23:40,653 INFO  [stdout] (default task-83) {"resultcode":"00","message":"success","response":{"id":"23829383","email":"wltjq4000@naver.com"}}
2020-07-30 13:23:40,653 INFO  [stdout] (default task-83) 
